This is pdfTeX, Version 3.1415926-2.5-1.40.14 (TeX Live 2013) (format=latex 2013.7.2)  12 JUL 2013 18:47
entering extended mode
 restricted \write18 enabled.
 %&-line parsing enabled.
**OnTheRoadColeringProblem.tex
(./OnTheRoadColeringProblem.tex
LaTeX2e <2011/06/27>
Babel <v3.8m> and hyphenation patterns for english, dumylang, nohyphenation, po
lish, finnish, italian, french, basque, bokmal, nynorsk, swedish, ukenglish, us
englishmax, portuguese, danish, spanish, german, ngerman, swissgerman, hungaria
n, dutch, russian, ukrainian, turkish, welsh, german-x-2012-05-30, ngerman-x-20
12-05-30, friulan, icelandic, farsi, armenian, bulgarian, galician, afrikaans, 
uppersorbian, romansh, indonesian, ethiopic, piedmontese, lithuanian, estonian,
 coptic, arabic, latvian, croatian, catalan, slovak, slovenian, assamese, benga
li, gujarati, hindi, kannada, malayalam, marathi, oriya, panjabi, tamil, telugu
, greek, interlingua, serbian, serbianc, romanian, turkmen, esperanto, latin, m
ongolian, mongolianlmc, irish, kurmanji, ancientgreek, ibycus, pinyin, czech, s
anskrit, loaded.
(/usr/share/texlive/texmf-dist/tex/latex/base/article.cls
Document Class: article 2007/10/19 v1.4h Standard LaTeX document class
(/usr/share/texlive/texmf-dist/tex/latex/base/size10.clo
File: size10.clo 2007/10/19 v1.4h Standard LaTeX file (size option)
)
\c@part=\count79
\c@section=\count80
\c@subsection=\count81
\c@subsubsection=\count82
\c@paragraph=\count83
\c@subparagraph=\count84
\c@figure=\count85
\c@table=\count86
\abovecaptionskip=\skip41
\belowcaptionskip=\skip42
\bibindent=\dimen102
)
(/usr/share/texlive/texmf-dist/tex/latex/amsfonts/amssymb.sty
Package: amssymb 2013/01/14 v3.01 AMS font symbols

(/usr/share/texlive/texmf-dist/tex/latex/amsfonts/amsfonts.sty
Package: amsfonts 2013/01/14 v3.01 Basic AMSFonts support
\@emptytoks=\toks14
\symAMSa=\mathgroup4
\symAMSb=\mathgroup5
LaTeX Font Info:    Overwriting math alphabet `\mathfrak' in version `bold'
(Font)                  U/euf/m/n --> U/euf/b/n on input line 106.
))
(/usr/share/texlive/texmf-dist/tex/latex/amscls/amsthm.sty
Package: amsthm 2004/08/06 v2.20
\thm@style=\toks15
\thm@bodyfont=\toks16
\thm@headfont=\toks17
\thm@notefont=\toks18
\thm@headpunct=\toks19
\thm@preskip=\skip43
\thm@postskip=\skip44
\thm@headsep=\skip45
\dth@everypar=\toks20
)
(/usr/share/texlive/texmf-dist/tex/latex/amsmath/amsmath.sty
Package: amsmath 2013/01/14 v2.14 AMS math features
\@mathmargin=\skip46

For additional information on amsmath, use the `?' option.
(/usr/share/texlive/texmf-dist/tex/latex/amsmath/amstext.sty
Package: amstext 2000/06/29 v2.01

(/usr/share/texlive/texmf-dist/tex/latex/amsmath/amsgen.sty
File: amsgen.sty 1999/11/30 v2.0
\@emptytoks=\toks21
\ex@=\dimen103
))
(/usr/share/texlive/texmf-dist/tex/latex/amsmath/amsbsy.sty
Package: amsbsy 1999/11/29 v1.2d
\pmbraise@=\dimen104
)
(/usr/share/texlive/texmf-dist/tex/latex/amsmath/amsopn.sty
Package: amsopn 1999/12/14 v2.01 operator names
)
\inf@bad=\count87
LaTeX Info: Redefining \frac on input line 210.
\uproot@=\count88
\leftroot@=\count89
LaTeX Info: Redefining \overline on input line 306.
\classnum@=\count90
\DOTSCASE@=\count91
LaTeX Info: Redefining \ldots on input line 378.
LaTeX Info: Redefining \dots on input line 381.
LaTeX Info: Redefining \cdots on input line 466.
\Mathstrutbox@=\box26
\strutbox@=\box27
\big@size=\dimen105
LaTeX Font Info:    Redeclaring font encoding OML on input line 566.
LaTeX Font Info:    Redeclaring font encoding OMS on input line 567.
\macc@depth=\count92
\c@MaxMatrixCols=\count93
\dotsspace@=\muskip10
\c@parentequation=\count94
\dspbrk@lvl=\count95
\tag@help=\toks22
\row@=\count96
\column@=\count97
\maxfields@=\count98
\andhelp@=\toks23
\eqnshift@=\dimen106
\alignsep@=\dimen107
\tagshift@=\dimen108
\tagwidth@=\dimen109
\totwidth@=\dimen110
\lineht@=\dimen111
\@envbody=\toks24
\multlinegap=\skip47
\multlinetaggap=\skip48
\mathdisplay@stack=\toks25
LaTeX Info: Redefining \[ on input line 2665.
LaTeX Info: Redefining \] on input line 2666.
)
(/usr/share/texlive/texmf-dist/tex/latex/graphics/color.sty
Package: color 2005/11/14 v1.0j Standard LaTeX Color (DPC)

(/usr/share/texlive/texmf-dist/tex/latex/latexconfig/color.cfg
File: color.cfg 2007/01/18 v1.5 color configuration of teTeX/TeXLive
)
Package color Info: Driver file: dvips.def on input line 130.

(/usr/share/texlive/texmf-dist/tex/latex/graphics/dvips.def
File: dvips.def 1999/02/16 v3.0i Driver-dependant file (DPC,SPQR)
)
(/usr/share/texlive/texmf-dist/tex/latex/graphics/dvipsnam.def
File: dvipsnam.def 1999/02/16 v3.0i Driver-dependant file (DPC,SPQR)
))
(/usr/share/texlive/texmf-dist/tex/latex/pstricks/pstricks.sty
Package: pstricks 2013/04/05 v0.54 LaTeX wrapper for `PSTricks' (RN,HV)

(/usr/share/texlive/texmf-dist/tex/generic/pstricks/pstricks.tex
(/usr/share/texlive/texmf-dist/tex/generic/xkeyval/pst-xkey.tex
File: pst-xkey.tex 2005/11/25 v1.6 PSTricks specialization of xkeyval (HA)

(/usr/share/texlive/texmf-dist/tex/latex/xkeyval/xkeyval.sty
Package: xkeyval 2012/10/14 v2.6b package option processing (HA)

(/usr/share/texlive/texmf-dist/tex/generic/xkeyval/xkeyval.tex
\XKV@toks=\toks26
\XKV@tempa@toks=\toks27
\XKV@depth=\count99
File: xkeyval.tex 2012/10/14 v2.6b key=value parser (HA)

(/usr/share/texlive/texmf-dist/tex/generic/xkeyval/keyval.tex))))
(/usr/share/texlive/texmf-dist/tex/generic/pstricks/pst-fp.tex
`pst-fp' v0.05, 2010/01/17 (hv)
\pstFP@xs=\count100
\pstFP@xia=\count101
\pstFP@xib=\count102
\pstFP@xfa=\count103
\pstFP@xfb=\count104
\pstFP@rega=\count105
\pstFP@regb=\count106
\pstFP@regs=\count107
\pstFP@times=\count108
)
(/usr/share/texlive/texmf-dist/tex/generic/pgf/utilities/pgfutil-common.tex
\pgfutil@everybye=\toks28
)
(/usr/share/texlive/texmf-dist/tex/generic/pgf/utilities/pgfkeys.code.tex
\pgfkeys@pathtoks=\toks29
\pgfkeys@temptoks=\toks30

(/usr/share/texlive/texmf-dist/tex/generic/pgf/utilities/pgfkeysfiltered.code.t
ex
\pgfkeys@tmptoks=\toks31
)) (/usr/share/texlive/texmf-dist/tex/generic/pgf/utilities/pgffor.code.tex
\pgffor@iter=\dimen112
\pgffor@skip=\dimen113
\pgffor@stack=\toks32
\pgffor@toks=\toks33
)
\psLoopIndex=\count109

`PSTricks' v2.40  <2013/04/05> (tvz)
\pst@dima=\dimen114
\pst@dimb=\dimen115
\pst@dimc=\dimen116
\pst@dimd=\dimen117
\pst@dimg=\dimen118
\pst@dimh=\dimen119
\pst@dimm=\dimen120
\pst@dimn=\dimen121
\pst@dimo=\dimen122
\pst@dimp=\dimen123
\pst@hbox=\box28
\pst@ibox=\box29
\pst@boxg=\box30
\pst@cnta=\count110
\pst@cntb=\count111
\pst@cntc=\count112
\pst@cntd=\count113
\pst@cntg=\count114
\pst@cnth=\count115
\pst@cntm=\count116
\pst@cntn=\count117
\pst@cnto=\count118
\pst@cntp=\count119
\@zero=\count120
\pst@toks=\toks34
(/usr/share/texlive/texmf-dist/tex/generic/pstricks/pstricks.con)
\psunit=\dimen124
\psxunit=\dimen125
\psyunit=\dimen126
\pst@C@@rType=\count121
\pslinewidth=\dimen127
\psk@startLW=\dimen128
\psk@endLW=\dimen129
\pst@customdefs=\toks35
\pslinearc=\dimen130
\pst@symbolStep=\dimen131
\pst@symbolWidth=\dimen132
\pst@symbolLinewidth=\dimen133
\everypsbox=\toks36
\psframesep=\dimen134
\pslabelsep=\dimen135
\sh@wgridXunit=\dimen136
\sh@wgridYunit=\dimen137
\pst@shift=\dimen138
\theoverlaybox=\box31
)
File: pstricks.tex 2013/04/05 v2.40 `PSTricks' (tvz,hv)

(/usr/share/texlive/texmf-dist/tex/generic/pstricks/pst-fp.tex)
File: pst-fp.tex 2013/04/05 v2.40 `PST-fp' (hv)

(/usr/share/texlive/texmf-dist/tex/latex/xcolor/xcolor.sty
Package: xcolor 2007/01/21 v2.11 LaTeX color extensions (UK)

(/usr/share/texlive/texmf-dist/tex/latex/latexconfig/color.cfg
File: color.cfg 2007/01/18 v1.5 color configuration of teTeX/TeXLive
)
Package xcolor Info: Package option `usenames' ignored on input line 216.
Package xcolor Info: Driver file: dvips.def on input line 225.
LaTeX Info: Redefining \color on input line 702.
Package xcolor Info: Model `cmy' substituted by `cmy0' on input line 1337.
Package xcolor Info: Model `RGB' extended on input line 1353.
Package xcolor Info: Model `HTML' substituted by `rgb' on input line 1355.
Package xcolor Info: Model `Hsb' substituted by `hsb' on input line 1356.
Package xcolor Info: Model `tHsb' substituted by `hsb' on input line 1357.
Package xcolor Info: Model `HSB' substituted by `hsb' on input line 1358.
Package xcolor Info: Model `Gray' substituted by `gray' on input line 1359.
Package xcolor Info: Model `wave' substituted by `hsb' on input line 1360.

(/usr/share/texlive/texmf-dist/tex/latex/graphics/dvipsnam.def
File: dvipsnam.def 1999/02/16 v3.0i Driver-dependant file (DPC,SPQR)
)))
(/usr/share/texlive/texmf-dist/tex/latex/graphics/epsfig.sty
Package: epsfig 1999/02/16 v1.7a (e)psfig emulation (SPQR)

(/usr/share/texlive/texmf-dist/tex/latex/graphics/graphicx.sty
Package: graphicx 1999/02/16 v1.0f Enhanced LaTeX Graphics (DPC,SPQR)

(/usr/share/texlive/texmf-dist/tex/latex/graphics/graphics.sty
Package: graphics 2009/02/05 v1.0o Standard LaTeX Graphics (DPC,SPQR)

(/usr/share/texlive/texmf-dist/tex/latex/graphics/trig.sty
Package: trig 1999/03/16 v1.09 sin cos tan (DPC)
)
(/usr/share/texlive/texmf-dist/tex/latex/latexconfig/graphics.cfg
File: graphics.cfg 2010/04/23 v1.9 graphics configuration of TeX Live
)
Package graphics Info: Driver file: dvips.def on input line 91.
)
\Gin@req@height=\dimen139
\Gin@req@width=\dimen140
)
\epsfxsize=\dimen141
\epsfysize=\dimen142
)
(/usr/share/texlive/texmf-dist/tex/latex/pst-grad/pst-grad.sty
Package: pst-grad 2004/07/15 package wrapper for pst-grad.tex (hv)

(/usr/share/texlive/texmf-dist/tex/generic/pst-grad/pst-grad.tex
`pst-grad' v1.06, 2006/11/27 (tvz,dg,hv))
File: pst-grad.tex 2006/11/27 1.06 `pst-grad' (tvz)
)
(/usr/share/texlive/texmf-dist/tex/latex/pst-plot/pst-plot.sty
Package: pst-plot 2011/06/05 v1.00 LaTeX wrapper for `pst-plot' (HV)

(/usr/share/texlive/texmf-dist/tex/latex/xkeyval/pst-xkey.sty
Package: pst-xkey 2005/11/25 v1.6 package wrapper for pst-xkey.tex (HA)
)
(/usr/share/texlive/texmf-dist/tex/latex/multido/multido.sty
Package: multido 2004/05/17 package wrapper for PSTricks `multido.tex', (HV/RN)


(/usr/share/texlive/texmf-dist/tex/generic/multido/multido.tex
 v1.42, 2010/05/14 <tvz>
\multido@count=\count122
\multidocount=\count123
\multido@stuff=\toks37
)
File: multido.tex 2010/05/14 v1.42 `multido' (tvz,hv)
)
Package: pst-plot 2011/04/13 package wrapper for pst-plot.tex (hv)

(/usr/share/texlive/texmf-dist/tex/generic/pst-plot/pst-plot.tex
 v1.44, 2013/01/03 (tvz,hv)
\pstRadUnit=\dimen143
\pstRadUnitInv=\dimen144
\pst@linecnt=\count124
\psxlabelsep=\dimen145
\psylabelsep=\dimen146
\psk@subticksize=\dimen147
\pst@xticksizeA=\dimen148
\pst@xticksizeB=\dimen149
\pst@xticksizeC=\dimen150
\pst@yticksizeA=\dimen151
\pst@yticksizeB=\dimen152
\pst@yticksizeC=\dimen153
\@digitcounter=\count125
\psk@llx=\dimen154
\psk@lly=\dimen155
\psk@urx=\dimen156
\psk@ury=\dimen157
\pst@xunit=\dimen158
\pst@yunit=\dimen159
)
File: pst-plot.tex 2013/01/03 1.44 `pst-plot' (tvz,hv)
)
(/usr/share/texlive/texmf-dist/tex/latex/eepic/epic.sty
Enhancements to Picture Environment. Version 1.2 - Released June 1, 1986
\@@multicnt=\count126
\d@lta=\count127
\@delta=\dimen160
\@@delta=\dimen161
\@gridcnt=\count128
\@joinkind=\count129
\@dotgap=\dimen162
\@ddotgap=\dimen163
\@x@diff=\count130
\@y@diff=\count131
\x@diff=\dimen164
\y@diff=\dimen165
\@dotbox=\box32
\num@segments=\count132
\num@segmentsi=\count133
\@datafile=\read1
) (/usr/share/texlive/texmf-dist/tex/latex/eepic/eepic.sty
Extension to Epic and LaTeX. Version 1.1e - Released Dec 21, 1999
\@gphlinewidth=\count134
\@eepictcnt=\count135
\@tempdimc=\dimen166
\maxovaldiam=\dimen167
\@filltype=\box33
)
\c@theorem=\count136
 (./OnTheRoadColeringProblem.aux)
\openout1 = `OnTheRoadColeringProblem.aux'.

LaTeX Font Info:    Checking defaults for OML/cmm/m/it on input line 81.
LaTeX Font Info:    ... okay on input line 81.
LaTeX Font Info:    Checking defaults for T1/cmr/m/n on input line 81.
LaTeX Font Info:    ... okay on input line 81.
LaTeX Font Info:    Checking defaults for OT1/cmr/m/n on input line 81.
LaTeX Font Info:    ... okay on input line 81.
LaTeX Font Info:    Checking defaults for OMS/cmsy/m/n on input line 81.
LaTeX Font Info:    ... okay on input line 81.
LaTeX Font Info:    Checking defaults for OMX/cmex/m/n on input line 81.
LaTeX Font Info:    ... okay on input line 81.
LaTeX Font Info:    Checking defaults for U/cmr/m/n on input line 81.
LaTeX Font Info:    ... okay on input line 81.
LaTeX Font Info:    Try loading font information for U+msa on input line 86.

(/usr/share/texlive/texmf-dist/tex/latex/amsfonts/umsa.fd
File: umsa.fd 2013/01/14 v3.01 AMS symbols A
)
LaTeX Font Info:    Try loading font information for U+msb on input line 86.

(/usr/share/texlive/texmf-dist/tex/latex/amsfonts/umsb.fd
File: umsb.fd 2013/01/14 v3.01 AMS symbols B
) (./AGWgraph1.tex)
[1

] [2] [3] [4] [5] (./AGWgraph2.tex) [6]
Underfull \hbox (badness 10000) in paragraph at lines 327--329

 []


Underfull \hbox (badness 10000) in paragraph at lines 331--332

 []


Underfull \hbox (badness 10000) in paragraph at lines 333--335

 []

[7]
Underfull \hbox (badness 10000) in paragraph at lines 336--337

 []


Underfull \hbox (badness 10000) in paragraph at lines 338--339

 []

[8]

LaTeX Warning: Reference `lem7' on page 9 undefined on input line 350.


LaTeX Warning: Reference `lem7' on page 9 undefined on input line 350.


Underfull \hbox (badness 10000) in paragraph at lines 350--352

 []


LaTeX Warning: Reference `lem3' on page 9 undefined on input line 353.


LaTeX Warning: Reference `theo3' on page 9 undefined on input line 360.

(./OnTheRoadColeringProblem.bbl) [9] (./OnTheRoadColeringProblem.aux)

LaTeX Warning: There were undefined references.


LaTeX Warning: Label(s) may have changed. Rerun to get cross-references right.

 ) 
Here is how much of TeX's memory you used:
 5353 strings out of 493493
 78704 string characters out of 3143522
 180666 words of memory out of 3000000
 8565 multiletter control sequences out of 15000+200000
 14598 words of font info for 55 fonts, out of 3000000 for 9000
 953 hyphenation exceptions out of 8191
 37i,10n,52p,1114b,510s stack positions out of 5000i,500n,10000p,200000b,50000s

Output written on OnTheRoadColeringProblem.dvi (9 pages, 63848 bytes).
