mktextfm Baskerville
mktextfm Baskerville
mktextfm Baskerville
mktextfm Baskerville/BI
mktextfm Baskerville
mktextfm Baskerville/B
mktextfm Baskerville
mktextfm Baskerville/I
mktextfm Baskerville
mktextfm Baskerville
mktextfm Baskerville
mktextfm Baskerville
mktextfm Baskerville
mktextfm Baskerville
mktextfm Baskerville
mktextfm Baskerville
mktextfm Baskerville
mktextfm Baskerville
mktextfm Baskerville
mktextfm Baskerville
mktextfm Baskerville/BI
mktextfm Baskerville
mktextfm Baskerville/B
mktextfm Baskerville
mktextfm Baskerville/I
mktextfm Baskerville
mktextfm Baskerville
mktextfm Baskerville
mktextfm Baskerville
mktextfm Baskerville
mktextfm Baskerville
mktextfm Baskerville
mktextfm Baskerville
mktextfm Baskerville
mktextfm Baskerville
mktextfm Baskerville
mktextfm Baskerville
mktextfm Baskerville
mktextfm Baskerville
mktextfm Baskerville
mktextfm Baskerville
mktextfm Asana
mktextfm Asana
mktextfm Asana
mktextfm Asana/BI
mktextfm Asana
mktextfm Asana/B
mktextfm Asana
mktextfm Asana/I
mktextfm Asana
mktextfm Asana
mktextfm Asana
mktextfm Cambria
mktextfm Cambria
mktextfm Cambria
mktextfm Cambria/BI
mktextfm Cambria
mktextfm Cambria/B
mktextfm Cambria
mktextfm Cambria/I
mktextfm Cambria
mktextfm Cambria
mktextfm Cambria
mktextfm Cambria
mktextfm Cambria
mktextfm Cambria
mktextfm Cambria/BI
mktextfm Cambria
mktextfm Cambria/B
mktextfm Cambria
mktextfm Cambria/I
mktextfm Cambria
mktextfm Cambria
mktextfm Cambria
mktextfm Cambria
mktextfm Cambria
