This is XeTeX, Version 3.14159265-2.6-0.99992 (TeX Live 2015/dev/Debian) (preloaded format=xelatex 2014.11.11)  15 NOV 2014 21:59
entering extended mode
 restricted \write18 enabled.
 %&-line parsing enabled.
**\input Script-Main.tex
(./Script-Main.tex (/usr/share/texlive/texmf-dist/tex/latex/base/article.cls
Document Class: article 2007/10/19 v1.4h Standard LaTeX document class
(/usr/share/texlive/texmf-dist/tex/latex/base/size10.clo
File: size10.clo 2007/10/19 v1.4h Standard LaTeX file (size option)
)
\c@part=\count80
\c@section=\count81
\c@subsection=\count82
\c@subsubsection=\count83
\c@paragraph=\count84
\c@subparagraph=\count85
\c@figure=\count86
\c@table=\count87
\abovecaptionskip=\skip41
\belowcaptionskip=\skip42
\bibindent=\dimen102
)
(/home/jakob/texmf/tex/latex/mathbook.sty
Package: mathbook 
 (/home/jakob/texmf/tex/latex/name.sty
Package: name 
) (/home/jakob/texmf/tex/latex/layer.sty
Package: layer 

(/home/jakob/texmf/tex/latex/counter.sty
Package: counter 
)
(/home/jakob/texmf/tex/latex/tokenlist.sty
Package: tokenlist 2014/06/11 v0.1
)
(/home/jakob/texmf/tex/latex/title.sty
Package: title 
))) (./Script-Main.aux)
\openout1 = `Script-Main.aux'.

LaTeX Font Info:    Checking defaults for OML/cmm/m/it on input line 22.
LaTeX Font Info:    ... okay on input line 22.
LaTeX Font Info:    Checking defaults for T1/cmr/m/n on input line 22.
LaTeX Font Info:    ... okay on input line 22.
LaTeX Font Info:    Checking defaults for OT1/cmr/m/n on input line 22.
LaTeX Font Info:    ... okay on input line 22.
LaTeX Font Info:    Checking defaults for OMS/cmsy/m/n on input line 22.
LaTeX Font Info:    ... okay on input line 22.
LaTeX Font Info:    Checking defaults for OMX/cmex/m/n on input line 22.
LaTeX Font Info:    ... okay on input line 22.
LaTeX Font Info:    Checking defaults for U/cmr/m/n on input line 22.
LaTeX Font Info:    ... okay on input line 22.
LaTeX Font Info:    External font `cmex10' loaded for size
(Font)              <7> on input line 33.
LaTeX Font Info:    External font `cmex10' loaded for size
(Font)              <5> on input line 33.
 [1

]
(./Script-Main.aux) ) 
Here is how much of TeX's memory you used:
 303 strings out of 493727
 3467 string characters out of 6147889
 54743 words of memory out of 5000000
 3698 multiletter control sequences out of 15000+600000
 4850 words of font info for 18 fonts, out of 8000000 for 9000
 1328 hyphenation exceptions out of 8191
 27i,4n,18p,164b,109s stack positions out of 5000i,500n,10000p,200000b,80000s

Output written on Script-Main.pdf (1 page).
