This is pdfTeX, Version 3.1415926-2.5-1.40.14 (TeX Live 2014/dev) (format=latex 2013.12.23)  29 DEC 2013 15:45
entering extended mode
 restricted \write18 enabled.
 %&-line parsing enabled.
**\nonstopmode\nofiles\PassOptionsToPackage{active,tightpage,auctex}{preview}\A
tBeginDocument{\ifx\ifPreview\undefined\RequirePackage[displaymath,floats,graph
ics,textmath,sections,footnotes]{preview}[2004/11/05]\fi} \input _region_.tex
(./_region_.tex  !name(NUMFEM.tex)
(/usr/share/texlive/texmf-dist/tex/latex/base/article.cls
Document Class: article 2007/10/19 v1.4h Standard LaTeX document class
(/usr/share/texlive/texmf-dist/tex/latex/base/size10.clo
File: size10.clo 2007/10/19 v1.4h Standard LaTeX file (size option)
)
\c@part=\count79
\c@section=\count80
\c@subsection=\count81
\c@subsubsection=\count82
\c@paragraph=\count83
\c@subparagraph=\count84
\c@figure=\count85
\c@table=\count86
\abovecaptionskip=\skip41
\belowcaptionskip=\skip42
\bibindent=\dimen102
)
(/usr/share/texlive/texmf-dist/tex/latex/base/inputenc.sty
Package: inputenc 2008/03/30 v1.1d Input encoding file
\inpenc@prehook=\toks14
\inpenc@posthook=\toks15

(/usr/share/texlive/texmf-dist/tex/latex/base/utf8.def
File: utf8.def 2008/04/05 v1.1m UTF-8 support for inputenc
Now handling font encoding OML ...
... no UTF-8 mapping file for font encoding OML
Now handling font encoding T1 ...
... processing UTF-8 mapping file for font encoding T1

(/usr/share/texlive/texmf-dist/tex/latex/base/t1enc.dfu
File: t1enc.dfu 2008/04/05 v1.1m UTF-8 support for inputenc
   defining Unicode char U+00A1 (decimal 161)
   defining Unicode char U+00A3 (decimal 163)
   defining Unicode char U+00AB (decimal 171)
   defining Unicode char U+00BB (decimal 187)
   defining Unicode char U+00BF (decimal 191)
   defining Unicode char U+00C0 (decimal 192)
   defining Unicode char U+00C1 (decimal 193)
   defining Unicode char U+00C2 (decimal 194)
   defining Unicode char U+00C3 (decimal 195)
   defining Unicode char U+00C4 (decimal 196)
   defining Unicode char U+00C5 (decimal 197)
   defining Unicode char U+00C6 (decimal 198)
   defining Unicode char U+00C7 (decimal 199)
   defining Unicode char U+00C8 (decimal 200)
   defining Unicode char U+00C9 (decimal 201)
   defining Unicode char U+00CA (decimal 202)
   defining Unicode char U+00CB (decimal 203)
   defining Unicode char U+00CC (decimal 204)
   defining Unicode char U+00CD (decimal 205)
   defining Unicode char U+00CE (decimal 206)
   defining Unicode char U+00CF (decimal 207)
   defining Unicode char U+00D0 (decimal 208)
   defining Unicode char U+00D1 (decimal 209)
   defining Unicode char U+00D2 (decimal 210)
   defining Unicode char U+00D3 (decimal 211)
   defining Unicode char U+00D4 (decimal 212)
   defining Unicode char U+00D5 (decimal 213)
   defining Unicode char U+00D6 (decimal 214)
   defining Unicode char U+00D8 (decimal 216)
   defining Unicode char U+00D9 (decimal 217)
   defining Unicode char U+00DA (decimal 218)
   defining Unicode char U+00DB (decimal 219)
   defining Unicode char U+00DC (decimal 220)
   defining Unicode char U+00DD (decimal 221)
   defining Unicode char U+00DE (decimal 222)
   defining Unicode char U+00DF (decimal 223)
   defining Unicode char U+00E0 (decimal 224)
   defining Unicode char U+00E1 (decimal 225)
   defining Unicode char U+00E2 (decimal 226)
   defining Unicode char U+00E3 (decimal 227)
   defining Unicode char U+00E4 (decimal 228)
   defining Unicode char U+00E5 (decimal 229)
   defining Unicode char U+00E6 (decimal 230)
   defining Unicode char U+00E7 (decimal 231)
   defining Unicode char U+00E8 (decimal 232)
   defining Unicode char U+00E9 (decimal 233)
   defining Unicode char U+00EA (decimal 234)
   defining Unicode char U+00EB (decimal 235)
   defining Unicode char U+00EC (decimal 236)
   defining Unicode char U+00ED (decimal 237)
   defining Unicode char U+00EE (decimal 238)
   defining Unicode char U+00EF (decimal 239)
   defining Unicode char U+00F0 (decimal 240)
   defining Unicode char U+00F1 (decimal 241)
   defining Unicode char U+00F2 (decimal 242)
   defining Unicode char U+00F3 (decimal 243)
   defining Unicode char U+00F4 (decimal 244)
   defining Unicode char U+00F5 (decimal 245)
   defining Unicode char U+00F6 (decimal 246)
   defining Unicode char U+00F8 (decimal 248)
   defining Unicode char U+00F9 (decimal 249)
   defining Unicode char U+00FA (decimal 250)
   defining Unicode char U+00FB (decimal 251)
   defining Unicode char U+00FC (decimal 252)
   defining Unicode char U+00FD (decimal 253)
   defining Unicode char U+00FE (decimal 254)
   defining Unicode char U+00FF (decimal 255)
   defining Unicode char U+0102 (decimal 258)
   defining Unicode char U+0103 (decimal 259)
   defining Unicode char U+0104 (decimal 260)
   defining Unicode char U+0105 (decimal 261)
   defining Unicode char U+0106 (decimal 262)
   defining Unicode char U+0107 (decimal 263)
   defining Unicode char U+010C (decimal 268)
   defining Unicode char U+010D (decimal 269)
   defining Unicode char U+010E (decimal 270)
   defining Unicode char U+010F (decimal 271)
   defining Unicode char U+0110 (decimal 272)
   defining Unicode char U+0111 (decimal 273)
   defining Unicode char U+0118 (decimal 280)
   defining Unicode char U+0119 (decimal 281)
   defining Unicode char U+011A (decimal 282)
   defining Unicode char U+011B (decimal 283)
   defining Unicode char U+011E (decimal 286)
   defining Unicode char U+011F (decimal 287)
   defining Unicode char U+0130 (decimal 304)
   defining Unicode char U+0131 (decimal 305)
   defining Unicode char U+0132 (decimal 306)
   defining Unicode char U+0133 (decimal 307)
   defining Unicode char U+0139 (decimal 313)
   defining Unicode char U+013A (decimal 314)
   defining Unicode char U+013D (decimal 317)
   defining Unicode char U+013E (decimal 318)
   defining Unicode char U+0141 (decimal 321)
   defining Unicode char U+0142 (decimal 322)
   defining Unicode char U+0143 (decimal 323)
   defining Unicode char U+0144 (decimal 324)
   defining Unicode char U+0147 (decimal 327)
   defining Unicode char U+0148 (decimal 328)
   defining Unicode char U+014A (decimal 330)
   defining Unicode char U+014B (decimal 331)
   defining Unicode char U+0150 (decimal 336)
   defining Unicode char U+0151 (decimal 337)
   defining Unicode char U+0152 (decimal 338)
   defining Unicode char U+0153 (decimal 339)
   defining Unicode char U+0154 (decimal 340)
   defining Unicode char U+0155 (decimal 341)
   defining Unicode char U+0158 (decimal 344)
   defining Unicode char U+0159 (decimal 345)
   defining Unicode char U+015A (decimal 346)
   defining Unicode char U+015B (decimal 347)
   defining Unicode char U+015E (decimal 350)
   defining Unicode char U+015F (decimal 351)
   defining Unicode char U+0160 (decimal 352)
   defining Unicode char U+0161 (decimal 353)
   defining Unicode char U+0162 (decimal 354)
   defining Unicode char U+0163 (decimal 355)
   defining Unicode char U+0164 (decimal 356)
   defining Unicode char U+0165 (decimal 357)
   defining Unicode char U+016E (decimal 366)
   defining Unicode char U+016F (decimal 367)
   defining Unicode char U+0170 (decimal 368)
   defining Unicode char U+0171 (decimal 369)
   defining Unicode char U+0178 (decimal 376)
   defining Unicode char U+0179 (decimal 377)
   defining Unicode char U+017A (decimal 378)
   defining Unicode char U+017B (decimal 379)
   defining Unicode char U+017C (decimal 380)
   defining Unicode char U+017D (decimal 381)
   defining Unicode char U+017E (decimal 382)
   defining Unicode char U+200C (decimal 8204)
   defining Unicode char U+2013 (decimal 8211)
   defining Unicode char U+2014 (decimal 8212)
   defining Unicode char U+2018 (decimal 8216)
   defining Unicode char U+2019 (decimal 8217)
   defining Unicode char U+201A (decimal 8218)
   defining Unicode char U+201C (decimal 8220)
   defining Unicode char U+201D (decimal 8221)
   defining Unicode char U+201E (decimal 8222)
   defining Unicode char U+2030 (decimal 8240)
   defining Unicode char U+2031 (decimal 8241)
   defining Unicode char U+2039 (decimal 8249)
   defining Unicode char U+203A (decimal 8250)
   defining Unicode char U+2423 (decimal 9251)
)
Now handling font encoding OT1 ...
... processing UTF-8 mapping file for font encoding OT1

(/usr/share/texlive/texmf-dist/tex/latex/base/ot1enc.dfu
File: ot1enc.dfu 2008/04/05 v1.1m UTF-8 support for inputenc
   defining Unicode char U+00A1 (decimal 161)
   defining Unicode char U+00A3 (decimal 163)
   defining Unicode char U+00B8 (decimal 184)
   defining Unicode char U+00BF (decimal 191)
   defining Unicode char U+00C5 (decimal 197)
   defining Unicode char U+00C6 (decimal 198)
   defining Unicode char U+00D8 (decimal 216)
   defining Unicode char U+00DF (decimal 223)
   defining Unicode char U+00E6 (decimal 230)
   defining Unicode char U+00EC (decimal 236)
   defining Unicode char U+00ED (decimal 237)
   defining Unicode char U+00EE (decimal 238)
   defining Unicode char U+00EF (decimal 239)
   defining Unicode char U+00F8 (decimal 248)
   defining Unicode char U+0131 (decimal 305)
   defining Unicode char U+0141 (decimal 321)
   defining Unicode char U+0142 (decimal 322)
   defining Unicode char U+0152 (decimal 338)
   defining Unicode char U+0153 (decimal 339)
   defining Unicode char U+2013 (decimal 8211)
   defining Unicode char U+2014 (decimal 8212)
   defining Unicode char U+2018 (decimal 8216)
   defining Unicode char U+2019 (decimal 8217)
   defining Unicode char U+201C (decimal 8220)
   defining Unicode char U+201D (decimal 8221)
)
Now handling font encoding OMS ...
... processing UTF-8 mapping file for font encoding OMS

(/usr/share/texlive/texmf-dist/tex/latex/base/omsenc.dfu
File: omsenc.dfu 2008/04/05 v1.1m UTF-8 support for inputenc
   defining Unicode char U+00A7 (decimal 167)
   defining Unicode char U+00B6 (decimal 182)
   defining Unicode char U+00B7 (decimal 183)
   defining Unicode char U+2020 (decimal 8224)
   defining Unicode char U+2021 (decimal 8225)
   defining Unicode char U+2022 (decimal 8226)
)
Now handling font encoding OMX ...
... no UTF-8 mapping file for font encoding OMX
Now handling font encoding U ...
... no UTF-8 mapping file for font encoding U
   defining Unicode char U+00A9 (decimal 169)
   defining Unicode char U+00AA (decimal 170)
   defining Unicode char U+00AE (decimal 174)
   defining Unicode char U+00BA (decimal 186)
   defining Unicode char U+02C6 (decimal 710)
   defining Unicode char U+02DC (decimal 732)
   defining Unicode char U+200C (decimal 8204)
   defining Unicode char U+2026 (decimal 8230)
   defining Unicode char U+2122 (decimal 8482)
   defining Unicode char U+2423 (decimal 9251)
))
(/usr/share/texlive/texmf-dist/tex/latex/amsmath/amsmath.sty
Package: amsmath 2013/01/14 v2.14 AMS math features
\@mathmargin=\skip43

For additional information on amsmath, use the `?' option.
(/usr/share/texlive/texmf-dist/tex/latex/amsmath/amstext.sty
Package: amstext 2000/06/29 v2.01

(/usr/share/texlive/texmf-dist/tex/latex/amsmath/amsgen.sty
File: amsgen.sty 1999/11/30 v2.0
\@emptytoks=\toks16
\ex@=\dimen103
))
(/usr/share/texlive/texmf-dist/tex/latex/amsmath/amsbsy.sty
Package: amsbsy 1999/11/29 v1.2d
\pmbraise@=\dimen104
)
(/usr/share/texlive/texmf-dist/tex/latex/amsmath/amsopn.sty
Package: amsopn 1999/12/14 v2.01 operator names
)
\inf@bad=\count87
LaTeX Info: Redefining \frac on input line 210.
\uproot@=\count88
\leftroot@=\count89
LaTeX Info: Redefining \overline on input line 306.
\classnum@=\count90
\DOTSCASE@=\count91
LaTeX Info: Redefining \ldots on input line 378.
LaTeX Info: Redefining \dots on input line 381.
LaTeX Info: Redefining \cdots on input line 466.
\Mathstrutbox@=\box26
\strutbox@=\box27
\big@size=\dimen105
LaTeX Font Info:    Redeclaring font encoding OML on input line 566.
LaTeX Font Info:    Redeclaring font encoding OMS on input line 567.
\macc@depth=\count92
\c@MaxMatrixCols=\count93
\dotsspace@=\muskip10
\c@parentequation=\count94
\dspbrk@lvl=\count95
\tag@help=\toks17
\row@=\count96
\column@=\count97
\maxfields@=\count98
\andhelp@=\toks18
\eqnshift@=\dimen106
\alignsep@=\dimen107
\tagshift@=\dimen108
\tagwidth@=\dimen109
\totwidth@=\dimen110
\lineht@=\dimen111
\@envbody=\toks19
\multlinegap=\skip44
\multlinetaggap=\skip45
\mathdisplay@stack=\toks20
LaTeX Info: Redefining \[ on input line 2665.
LaTeX Info: Redefining \] on input line 2666.
)
(/usr/share/texlive/texmf-dist/tex/latex/amsfonts/amsfonts.sty
Package: amsfonts 2013/01/14 v3.01 Basic AMSFonts support
\symAMSa=\mathgroup4
\symAMSb=\mathgroup5
LaTeX Font Info:    Overwriting math alphabet `\mathfrak' in version `bold'
(Font)                  U/euf/m/n --> U/euf/b/n on input line 106.
)
(/usr/share/texlive/texmf-dist/tex/latex/amsfonts/amssymb.sty
Package: amssymb 2013/01/14 v3.01 AMS font symbols
) (./math.tex
(/usr/share/texlive/texmf-dist/tex/latex/amscls/amsthm.sty
Package: amsthm 2004/08/06 v2.20
\thm@style=\toks21
\thm@bodyfont=\toks22
\thm@headfont=\toks23
\thm@notefont=\toks24
\thm@headpunct=\toks25
\thm@preskip=\skip46
\thm@postskip=\skip47
\thm@headsep=\skip48
\dth@everypar=\toks26
)
(/usr/share/texlive/texmf-dist/tex/latex/graphics/color.sty
Package: color 2005/11/14 v1.0j Standard LaTeX Color (DPC)

(/usr/share/texlive/texmf-dist/tex/latex/latexconfig/color.cfg
File: color.cfg 2007/01/18 v1.5 color configuration of teTeX/TeXLive
)
Package color Info: Driver file: dvips.def on input line 130.

(/usr/share/texlive/texmf-dist/tex/latex/graphics/dvips.def
File: dvips.def 1999/02/16 v3.0i Driver-dependant file (DPC,SPQR)
)
(/usr/share/texlive/texmf-dist/tex/latex/graphics/dvipsnam.def
File: dvipsnam.def 1999/02/16 v3.0i Driver-dependant file (DPC,SPQR)
))
\c@theorem=\count99
)

LaTeX Warning: Unused global option(s):
    [8pt].

No file _region_.aux.
LaTeX Font Info:    Checking defaults for OML/cmm/m/it on input line 7.
LaTeX Font Info:    ... okay on input line 7.
LaTeX Font Info:    Checking defaults for T1/cmr/m/n on input line 7.
LaTeX Font Info:    ... okay on input line 7.
LaTeX Font Info:    Checking defaults for OT1/cmr/m/n on input line 7.
LaTeX Font Info:    ... okay on input line 7.
LaTeX Font Info:    Checking defaults for OMS/cmsy/m/n on input line 7.
LaTeX Font Info:    ... okay on input line 7.
LaTeX Font Info:    Checking defaults for OMX/cmex/m/n on input line 7.
LaTeX Font Info:    ... okay on input line 7.
LaTeX Font Info:    Checking defaults for U/cmr/m/n on input line 7.
LaTeX Font Info:    ... okay on input line 7.
(/usr/share/texlive/texmf-local/texmf-compat/tex/latex/preview/preview.sty
Package: preview 2010/02/14 11.87 (AUCTeX/preview-latex)

(/usr/share/texlive/texmf-local/texmf-compat/tex/latex/preview/prtightpage.def
\PreviewBorder=\dimen112
) (/usr/share/texlive/texmf-local/texmf-compat/tex/latex/preview/prauctex.def
No auxiliary output files.


\hbadness=\count100
\hfuzz=\dimen113
(/usr/share/texlive/texmf-local/texmf-compat/tex/latex/preview/prauctex.cfg))
(/usr/share/texlive/texmf-local/texmf-compat/tex/latex/preview/prfootnotes.def)
\pr@snippet=\count101
\pr@box=\box28
\pr@output=\toks27
Preview: Fontsize 10pt
)  !name(NUMFEM.tex) !offset(-3) 
! Preview: Snippet 1 started.
<-><->
      
l.11 ...neric and weakly generic arrangements in $
                                                  \field_q^d$}
Not a real error.

LaTeX Font Info:    Try loading font information for U+msa on input line 11.
(/usr/share/texlive/texmf-dist/tex/latex/amsfonts/umsa.fd
File: umsa.fd 2013/01/14 v3.01 AMS symbols A
)
LaTeX Font Info:    Try loading font information for U+msb on input line 11.

(/usr/share/texlive/texmf-dist/tex/latex/amsfonts/umsb.fd
File: umsb.fd 2013/01/14 v3.01 AMS symbols B
)
Preview: Tightpage -32891 -32891 32891 32891
! Preview: Snippet 1 ended.(556402+251217x706084).
<-><->
      
l.11 ...eakly generic arrangements in $\field_q^d$
                                                  }
Not a real error.

[1]
! Preview: Snippet 2 started.
<-><->
      
l.16 Let $
          K$ be a geometric $n$-dimensional simplicial complex embedded in $...

Not a real error.

! Preview: Snippet 2 ended.(447828+0x603477).
<-><->
      
l.16 Let $K$
             be a geometric $n$-dimensional simplicial complex embedded in $...

Not a real error.

[2]
! Preview: Snippet 3 started.
<-><->
      
l.16 Let $K$ be a geometric $
                             n$-dimensional simplicial complex embedded in $...

Not a real error.

! Preview: Snippet 3 ended.(282168+0x393370).
<-><->
      
l.16 Let $K$ be a geometric $n$
                               -dimensional simplicial complex embedded in $...

Not a real error.

[3]
! Preview: Snippet 4 started.
<-><->
      
l.16 ...mensional simplicial complex embedded in $
                                                  \reals^n$ triangulating th...

Not a real error.

! Preview: Snippet 4 ended.(451470+0x830050).
<-><->
      
l.16 ... simplicial complex embedded in $\reals^n$
                                                   triangulating the domain ...

Not a real error.

[4]
! Preview: Snippet 5 started.
<-><->
      
l.16 ...d in $\reals^n$ triangulating the domain $
                                                  \Omega$ to solve the bound...

Not a real error.

! Preview: Snippet 5 ended.(447828+0x473316).
<-><->
      
l.16 ...reals^n$ triangulating the domain $\Omega$
                                                   to solve the boundary val...

Not a real error.

[5]
! Preview: Snippet 6 started.
<-><->
      
l.17 \begin{align}
                  
Not a real error.

! Preview: Snippet 6 ended.(1769472+0x22609920).
<-><->
      
l.20 \end{align}
                
Not a real error.

[6]
! Preview: Snippet 7 started.
<-><->
      
l.22 \begin{align}
                  
Not a real error.

! Preview: Snippet 7 ended.(2831145+0x22609920).
<-><->
      
l.27 \end{align}
                
Not a real error.

[7]
! Preview: Snippet 8 started.
<-><->
      
l.28 Using barycentric coordinates in the $
                                           n$-simplex $\sigma\in K^{(n)}$ on...

Not a real error.

! Preview: Snippet 8 ended.(282168+0x393370).
<-><->
      
l.28 Using barycentric coordinates in the $n$
                                             -simplex $\sigma\in K^{(n)}$ on...

Not a real error.

[8]
! Preview: Snippet 9 started.
<-><->
      
l.28 ...rycentric coordinates in the $n$-simplex $
                                                  \sigma\in K^{(n)}$ one gets
Not a real error.

! Preview: Snippet 9 ended.(581889+25623x2568795).
<-><->
      
l.28 ...tes in the $n$-simplex $\sigma\in K^{(n)}$
                                                   one gets
Not a real error.

[9]
! Preview: Snippet 10 started.
<-><->
      
l.29 \begin{equation}
                     
Not a real error.

! Preview: Snippet 10 ended.(1788796+0x22609920).
<-><->
      
l.31 \end{equation}
                   
Not a real error.

[10]
! Preview: Snippet 11 started.
<-><->
      
l.32 by interpolation of the identity. If $
                                           \{u,v\}\in K^{(2)}$ we get
Not a real error.

! Preview: Snippet 11 ended.(581889+163840x3771048).
<-><->
      
l.32 ...n of the identity. If $\{u,v\}\in K^{(2)}$
                                                   we get
Not a real error.

[11]
! Preview: Snippet 12 started.
<-><->
      
l.33 \begin{align}
                  
Not a real error.

! Preview: Snippet 12 ended.(2431084+0x22609920).
<-><->
      
l.35 \end{align}
                
Not a real error.

[12]
! Preview: Snippet 13 started.
<-><->
      
l.37 \begin{align}
                  
Not a real error.

! Preview: Snippet 13 ended.(8227096+0x22609920).
<-><->
      
l.42 \end{align}
                
Not a real error.

[13]
! Preview: Snippet 14 started.
<-><->
      
l.43 where $
            \nu_{\sigma}(\tau)$ denotes the outer unit normal vector of the ...

Not a real error.

! Preview: Snippet 14 ended.(491520+163840x1547056).
<-><->
      
l.43 where $\nu_{\sigma}(\tau)$
                                denotes the outer unit normal vector of the ...

Not a real error.

[14]
! Preview: Snippet 15 started.
<-><->
      
l.43 ...the outer unit normal vector of the face $
                                                  \tau$ with respect to $\si...

Not a real error.

! Preview: Snippet 15 ended.(282168+0x360676).
<-><->
      
l.43 ...uter unit normal vector of the face $\tau$
                                                   with respect to $\sigma$.
Not a real error.

[15]
! Preview: Snippet 16 started.
<-><->
      
l.43 ...ector of the face $\tau$ with respect to $
                                                  \sigma$.
Not a real error.

! Preview: Snippet 16 ended.(282168+0x397994).
<-><->
      
l.43 ...f the face $\tau$ with respect to $\sigma$
                                                  .
Not a real error.

[16]
! Preview: Snippet 17 started.
<-><->
      
l.44 Now, observe that $
                        \inprod{\nu_{\sigma}(\sigma\setminus\{u\})}{\nu_{\si...

Not a real error.

! Preview: Snippet 17 ended.(491520+163840x15049399).
<-><->
      
l.44 ...igma\setminus\{u\},\sigma\setminus\{v\})}$
                                                   (the angle between the fa...

Not a real error.

[17]
! Preview: Snippet 18 started.
<-><->
      
l.44 ...}$ (the angle between the faces which is $
                                                  <\pi$). Moreover, it is tr...

Not a real error.

! Preview: Snippet 18 ended.(353303+25623x1088852).
<-><->
      
l.44 ...he angle between the faces which is $<\pi$
                                                  ). Moreover, it is true th...

Not a real error.

[18]
! Preview: Snippet 19 started.
<-><->
      
l.44 ...ch is $<\pi$). Moreover, it is true that $
                                                  \frac{n\vol(\sigma)}{\vol(...

Not a real error.

! Preview: Snippet 19 ended.(661912+340683x12565040).
<-><->
      
l.44 ...sin{\angle(\{u,v\},\sigma\setminus\{u\})}$
                                                   (and the analog identity ...

Not a real error.

[19]
! Preview: Snippet 20 started.
<-><->
      
l.44 ...nus\{u\})}$ (and the analog identity for $
                                                  v$ holds as well). Inserti...

Not a real error.

! Preview: Snippet 20 ended.(282168+0x341181).
<-><->
      
l.44 ...s\{u\})}$ (and the analog identity for $v$
                                                   holds as well). Inserting...

Not a real error.

[20]
! Preview: Snippet 21 started.
<-><->
      
l.45 \begin{align}
                  
Not a real error.

! Preview: Snippet 21 ended.(2473935+0x22609920).
<-><->
      
l.47 \end{align}
                
Not a real error.

[21]
! Preview: Snippet 22 started.
<-><->
      
l.48 For the case $
                   n=2$ this formula simplifies by using that for $\{u,v,w\}...

Not a real error.

! Preview: Snippet 22 ended.(422343+0x1594857).
<-><->
      
l.48 For the case $n=2$
                        this formula simplifies by using that for $\{u,v,w\}...

Not a real error.

[22]
! Preview: Snippet 23 started.
<-><->
      
l.48 ...his formula simplifies by using that for $
                                                  \{u,v,w\}\in K^{(2)}$
Not a real error.

! Preview: Snippet 23 ended.(581889+163840x4549135).
<-><->
      
l.48 ...s by using that for $\{u,v,w\}\in K^{(2)}$
                                                  
Not a real error.

[23]
! Preview: Snippet 24 started.
<-><->
      
l.49 \begin{align}
                  
Not a real error.

! Preview: Snippet 24 ended.(2596837+0x22609920).
<-><->
      
l.52 \end{align}
                
Not a real error.

[24]
! Preview: Snippet 25 started.
<-><->
      
l.54 \begin{align}
                  
Not a real error.

! Preview: Snippet 25 ended.(4116641+0x22609920).
<-><->
      
l.57 \end{align}
                
Not a real error.

[25]
! Preview: Snippet 26 started.
<-><->
      
l.58 ...as at most two summands (depending on if $
                                                  \{u,v\}$ lies in the bound...

Not a real error.

! Preview: Snippet 26 ended.(491520+163840x1662978).
<-><->
      
l.58 ...st two summands (depending on if $\{u,v\}$
                                                   lies in the boundary).
Not a real error.

[26] ) 
Here is how much of TeX's memory you used:
 1945 strings out of 495033
 22440 string characters out of 6181686
 73282 words of memory out of 5000000
 5150 multiletter control sequences out of 15000+600000
 10283 words of font info for 41 fonts, out of 8000000 for 9000
 14 hyphenation exceptions out of 8191
 27i,16n,24p,668b,224s stack positions out of 5000i,500n,10000p,200000b,80000s

Output written on _region_.dvi (26 pages, 8996 bytes).
