\BOOKMARK [1][-]{section.0.1}{Preliminaries}{}% 1
\BOOKMARK [2][-]{subsection.0.1.1}{Notation conventions}{section.0.1}% 2
\BOOKMARK [1][-]{section.0.2}{Combinatorial consideration of sets in finite projective space}{}% 3
\BOOKMARK [2][-]{subsection.0.2.1}{\(k,m\)-arcs in projective planes}{section.0.2}% 4
\BOOKMARK [2][-]{subsection.0.2.2}{Ovals and hyperovals}{section.0.2}% 5
\BOOKMARK [1][-]{section.0.3}{Combinatorial consideration}{}% 6
\BOOKMARK [1][-]{section.0.4}{The MDS main conjecture}{}% 7
\BOOKMARK [2][-]{subsection.0.4.1}{Generic hyperplane arrangemnts}{section.0.4}% 8
\BOOKMARK [2][-]{subsection.0.4.2}{Linear codes and the Singleton bound}{section.0.4}% 9
\BOOKMARK [2][-]{subsection.0.4.3}{Connections}{section.0.4}% 10
\BOOKMARK [1][-]{section.0.5}{Generic hyperplane arrangements}{}% 11
\BOOKMARK [2][-]{subsection.0.5.1}{Existence of weakly generic arrangements in Fqd with given Poincar\351 polynomial}{section.0.5}% 12
\BOOKMARK [2][-]{subsection.0.5.2}{Some combinatorial facts about weakly generic arrangements}{section.0.5}% 13
\BOOKMARK [2][-]{subsection.0.5.3}{Translational pertubations of arrangements}{section.0.5}% 14
\BOOKMARK [2][-]{subsection.0.5.4}{Generic and central generic arrangements}{section.0.5}% 15
\BOOKMARK [2][-]{subsection.0.5.5}{Usage of the generalizing statement for the discrete case}{section.0.5}% 16
\BOOKMARK [1][-]{section.0.6}{Extended Reed-Solomon-Codes and normal rational curves}{}% 17
\BOOKMARK [2][-]{subsection.0.6.1}{Normal rational curves}{section.0.6}% 18
\BOOKMARK [2][-]{subsection.0.6.2}{Related matrices}{section.0.6}% 19
\BOOKMARK [1][-]{section.0.7}{k-arcs and the main conjecture}{}% 20
\BOOKMARK [1][-]{section.0.8}{Segre's lemma of tangents}{}% 21
\BOOKMARK [1][-]{section.0.9}{The polynomials Q\(X\) and P\(X\)}{}% 22
\BOOKMARK [1][-]{section.0.10}{Interpolation formulas}{}% 23
\BOOKMARK [2][-]{subsection.0.10.1}{Manipulation of interpolation identities}{section.0.10}% 24
\BOOKMARK [1][-]{section.0.11}{A connection to the Kneser graphs KG\(2d-3,d-2\)}{}% 25
\BOOKMARK [1][-]{section.0.12}{Generalized momentum curves}{}% 26
\BOOKMARK [1][-]{section.0.13}{Real arcs}{}% 27
